[INFO ] [2020-12-02 14:18:00,933] TC_01: Step 01: .................. 
[INFO ] [2020-12-02 14:18:00,936] TC_01: Step 02: .................. 
[INFO ] [2020-12-02 14:18:00,936] TC_01: Step 03: .................. 
[INFO ] [2020-12-02 14:18:00,936] TC_01: Step 04: .................. 
[INFO ] [2020-12-02 14:18:00,944] TC_01: Step 01: .................. 
[INFO ] [2020-12-02 14:18:00,945]  -------------------------- PASSED -------------------------- 
[INFO ] [2020-12-02 14:18:00,945] TC_01: Step 02: .................. 
[INFO ] [2020-12-02 14:18:00,945]  -------------------------- PASSED -------------------------- 
[INFO ] [2020-12-02 14:18:00,946] TC_01: Step 03: .................. 
[INFO ] [2020-12-02 14:18:00,946]  -------------------------- PASSED -------------------------- 
[INFO ] [2020-12-02 14:18:00,946] TC_01: Step 04: .................. 
[INFO ] [2020-12-02 14:18:00,946]  -------------------------- FAILED -------------------------- 
[INFO ] [2020-12-02 14:18:00,948] TC_01: Step 05: .................. 
[INFO ] [2020-12-02 14:18:00,949]  -------------------------- PASSED -------------------------- 
[INFO ] [2020-12-02 14:20:06,611] TC_01: Step 01: .................. 
[INFO ] [2020-12-02 14:20:06,614] TC_01: Step 02: .................. 
[INFO ] [2020-12-02 14:20:06,614] TC_01: Step 03: .................. 
[INFO ] [2020-12-02 14:20:06,615] TC_01: Step 04: .................. 
[INFO ] [2020-12-02 14:20:06,626] TC_02: Step 01: .................. 
[INFO ] [2020-12-02 14:20:06,626]  -------------------------- PASSED -------------------------- 
[INFO ] [2020-12-02 14:20:06,627] TC_02: Step 02: .................. 
[INFO ] [2020-12-02 14:20:06,627]  -------------------------- PASSED -------------------------- 
[INFO ] [2020-12-02 14:20:06,627] TC_02: Step 03: .................. 
[INFO ] [2020-12-02 14:20:06,627]  -------------------------- PASSED -------------------------- 
[INFO ] [2020-12-02 14:20:06,627] TC_02: Step 04: .................. 
[INFO ] [2020-12-02 14:20:06,627]  -------------------------- FAILED -------------------------- 
[INFO ] [2020-12-02 14:20:06,629] TC_02: Step 05: .................. 
[INFO ] [2020-12-02 14:20:06,629]  -------------------------- PASSED -------------------------- 
[INFO ] [2020-12-02 14:23:18,009] TC_01: Step 01: .................. 
[INFO ] [2020-12-02 14:23:18,012] TC_01: Step 02: .................. 
[INFO ] [2020-12-02 14:23:18,013] TC_01: Step 03: .................. 
[INFO ] [2020-12-02 14:23:18,013] TC_01: Step 04: .................. 
[INFO ] [2020-12-02 14:23:18,033] TC_02: Step 01: .................. 
[INFO ] [2020-12-02 14:23:18,035]  -------------------------- PASSED -------------------------- 
[INFO ] [2020-12-02 14:23:18,035] TC_02: Step 02: .................. 
[INFO ] [2020-12-02 14:23:18,036]  -------------------------- PASSED -------------------------- 
[INFO ] [2020-12-02 14:23:18,036] TC_02: Step 03: .................. 
[INFO ] [2020-12-02 14:23:18,036]  -------------------------- PASSED -------------------------- 
[INFO ] [2020-12-02 14:23:18,037] TC_02: Step 04: .................. 
[INFO ] [2020-12-02 14:23:18,037]  -------------------------- FAILED -------------------------- 
[INFO ] [2020-12-02 14:23:18,038] TC_02: Step 05: .................. 
[INFO ] [2020-12-02 14:23:18,038]  -------------------------- PASSED -------------------------- 
[INFO ] [2020-12-02 14:25:38,424] TC_01: Step 01: .................. 
[INFO ] [2020-12-02 14:25:38,429] TC_01: Step 02: .................. 
[INFO ] [2020-12-02 14:25:38,429] TC_01: Step 03: .................. 
[INFO ] [2020-12-02 14:25:38,429] TC_01: Step 04: .................. 
[INFO ] [2020-12-02 14:25:38,445] TC_02: Step 01: .................. 
[INFO ] [2020-12-02 14:25:38,445]  -------------------------- PASSED -------------------------- 
[INFO ] [2020-12-02 14:25:38,445] TC_02: Step 02: .................. 
[INFO ] [2020-12-02 14:25:38,445]  -------------------------- FAILED -------------------------- 
[INFO ] [2020-12-02 14:25:38,446] TC_02: Step 03: .................. 
[INFO ] [2020-12-02 14:25:38,446]  -------------------------- PASSED -------------------------- 
[INFO ] [2020-12-02 14:25:38,446] TC_02: Step 04: .................. 
[INFO ] [2020-12-02 14:25:38,446]  -------------------------- FAILED -------------------------- 
[INFO ] [2020-12-02 14:25:38,446] TC_02: Step 05: .................. 
[INFO ] [2020-12-02 14:25:38,446]  -------------------------- PASSED -------------------------- 
[INFO ] [2020-12-06 14:37:06,105] OS name = windows 10
[INFO ] [2020-12-06 14:37:09,375] ---------- QUIT BROWSER SUCCESS ----------
[INFO ] [2020-12-06 14:37:59,157] OS name = windows 10
[INFO ] [2020-12-06 14:38:01,654] ---------- QUIT BROWSER SUCCESS ----------
